2:Concurrent.o:
15:Arr.o:
621:                 U integerzmgmp_GHCziIntegerziType_integerToInt_info
622:                 U integerzmgmp_GHCziIntegerziType_leInteger_info
623:                 U integerzmgmp_GHCziIntegerziType_minusInteger_info
624:                 U integerzmgmp_GHCziIntegerziType_zdfOrdInteger_closure
1655:Base.o:
1903:Char.o:
1927:Conc.o:
1930:IO.o:
2003:Signal.o:
2128:Sync.o:
3123:ConsoleHandler.o:
3126:Constants.o:
3533:                 U integerzmgmp_GHCziIntegerziType_Szh_static_info
3534:                 U integerzmgmp_GHCziIntegerziType_mkInteger_closure
3535:                 U integerzmgmp_GHCziIntegerziType_mkInteger_info
3546:Desugar.o:
3563:Enum.o:
4150:                 U integerzmgmp_GHCziIntegerziType_Szh_static_info
4151:                 U integerzmgmp_GHCziIntegerziType_geInteger_info
4152:                 U integerzmgmp_GHCziIntegerziType_gtInteger_info
4153:                 U integerzmgmp_GHCziIntegerziType_integerToInt_info
4154:                 U integerzmgmp_GHCziIntegerziType_ltInteger_info
4155:                 U integerzmgmp_GHCziIntegerziType_minusInteger_info
4156:                 U integerzmgmp_GHCziIntegerziType_plusInteger_info
4157:                 U integerzmgmp_GHCziIntegerziType_smallInteger_info
4725:Environment.o:
4757:Err.o:
4795:Exception.o:
5125:Exts.o:
5351:Fingerprint.o:
5415:Type.o:
5477:Float.o:
6377:                 U integerzmgmp_GHCziIntegerziLogarithms_integerLogBasezh_info
6378:                 U integerzmgmp_GHCziIntegerziLogarithmsziInternals_integerLog2IsPowerOf2zh_closure
6379:                 U integerzmgmp_GHCziIntegerziLogarithmsziInternals_integerLog2IsPowerOf2zh_info
6380:                 U integerzmgmp_GHCziIntegerziLogarithmsziInternals_integerLog2zh_closure
6381:                 U integerzmgmp_GHCziIntegerziLogarithmsziInternals_integerLog2zh_info
6382:                 U integerzmgmp_GHCziIntegerziLogarithmsziInternals_roundingModezh_info
6383:                 U integerzmgmp_GHCziIntegerziType_Szh_static_info
6384:                 U integerzmgmp_GHCziIntegerziType_compareInteger_info
6385:                 U integerzmgmp_GHCziIntegerziType_decodeDoubleInteger_info
6386:                 U integerzmgmp_GHCziIntegerziType_doubleFromInteger_info
6387:                 U integerzmgmp_GHCziIntegerziType_encodeDoubleInteger_info
6388:                 U integerzmgmp_GHCziIntegerziType_encodeFloatInteger_info
6389:                 U integerzmgmp_GHCziIntegerziType_eqInteger_info
6390:                 U integerzmgmp_GHCziIntegerziType_floatFromInteger_info
6391:                 U integerzmgmp_GHCziIntegerziType_gtInteger_info
6392:                 U integerzmgmp_GHCziIntegerziType_integerToInt_info
6393:                 U integerzmgmp_GHCziIntegerziType_integerToWord_info
6394:                 U integerzmgmp_GHCziIntegerziType_leInteger_info
6395:                 U integerzmgmp_GHCziIntegerziType_ltInteger_info
6396:                 U integerzmgmp_GHCziIntegerziType_negateInteger_closure
6397:                 U integerzmgmp_GHCziIntegerziType_negateInteger_info
6398:                 U integerzmgmp_GHCziIntegerziType_plusInteger_info
6399:                 U integerzmgmp_GHCziIntegerziType_quotInteger_info
6400:                 U integerzmgmp_GHCziIntegerziType_quotRemInteger_info
6401:                 U integerzmgmp_GHCziIntegerziType_shiftLInteger_info
6402:                 U integerzmgmp_GHCziIntegerziType_shiftRInteger_info
6403:                 U integerzmgmp_GHCziIntegerziType_smallInteger_info
6404:                 U integerzmgmp_GHCziIntegerziType_timesInteger_info
7783:ConversionUtils.o:
7799:                 U integerzmgmp_GHCziIntegerziType_integerToInt_info
7800:                 U integerzmgmp_GHCziIntegerziType_smallInteger_info
7819:RealFracMethods.o:
7890:                 U integerzmgmp_GHCziIntegerziType_Szh_static_info
7891:                 U integerzmgmp_GHCziIntegerziType_decodeDoubleInteger_info
7892:                 U integerzmgmp_GHCziIntegerziType_encodeDoubleInteger_info
7893:                 U integerzmgmp_GHCziIntegerziType_encodeFloatInteger_info
7894:                 U integerzmgmp_GHCziIntegerziType_integerToInt_info
7895:                 U integerzmgmp_GHCziIntegerziType_ltInteger_info
7896:                 U integerzmgmp_GHCziIntegerziType_negateInteger_closure
7897:                 U integerzmgmp_GHCziIntegerziType_negateInteger_info
7898:                 U integerzmgmp_GHCziIntegerziType_shiftLInteger_info
7899:                 U integerzmgmp_GHCziIntegerziType_smallInteger_info
7986:Foreign.o:
8370:ForeignPtr.o:
8839:Generics.o:
10131:GHCi.o:
10178:Handle.o:
10181:IO.o:
10437:Buffer.o:
10692:BufferedIO.o:
10780:Device.o:
11313:Encoding.o:
11563:CodePage.o:
11566:Failure.o:
11704:Iconv.o:
11866:Latin1.o:
11985:Types.o:
12100:UTF16.o:
12306:UTF32.o:
12504:UTF8.o:
12705:Exception.o:
13672:FD.o:
14137:                 U integerzmgmp_GHCziIntegerziType_Szh_static_info
14138:                 U integerzmgmp_GHCziIntegerziType_integerToInt_info
14139:                 U integerzmgmp_GHCziIntegerziType_smallInteger_info
14453:Handle.o:
14906:                 U integerzmgmp_GHCziIntegerziType_Szh_static_info
14907:                 U integerzmgmp_GHCziIntegerziType_eqInteger_info
14908:                 U integerzmgmp_GHCziIntegerziType_geInteger_info
14909:                 U integerzmgmp_GHCziIntegerziType_integerToInt_info
14910:                 U integerzmgmp_GHCziIntegerziType_ltInteger_info
14911:                 U integerzmgmp_GHCziIntegerziType_minusInteger_info
14912:                 U integerzmgmp_GHCziIntegerziType_neqInteger_info
14913:                 U integerzmgmp_GHCziIntegerziType_plusInteger_info
14914:                 U integerzmgmp_GHCziIntegerziType_smallInteger_info
15373:FD.o:
15674:Internals.o:
15995:                 U integerzmgmp_GHCziIntegerziType_smallInteger_info
16428:Text.o:
17113:Types.o:
17950:IOMode.o:
18346:IOArray.o:
18405:IOBase.o:
18526:IORef.o:
18561:IP.o:
18567:Int.o:
19541:                 U integerzmgmp_GHCziIntegerziType_Szh_static_info
19542:                 U integerzmgmp_GHCziIntegerziType_integerToInt_info
19543:                 U integerzmgmp_GHCziIntegerziType_smallInteger_info
19544:                 U integerzmgmp_GHCziIntegerziType_timesInteger_info
20068:List.o:
20448:MVar.o:
20530:Num.o:
20600:                 U integerzmgmp_GHCziIntegerziType_Szh_static_info
20601:                 U integerzmgmp_GHCziIntegerziType_absInteger_closure
20602:                 U integerzmgmp_GHCziIntegerziType_integerToInt_info
20603:                 U integerzmgmp_GHCziIntegerziType_integerToWord_info
20604:                 U integerzmgmp_GHCziIntegerziType_minusInteger_closure
20605:                 U integerzmgmp_GHCziIntegerziType_negateInteger_closure
20606:                 U integerzmgmp_GHCziIntegerziType_plusInteger_closure
20607:                 U integerzmgmp_GHCziIntegerziType_signumInteger_closure
20608:                 U integerzmgmp_GHCziIntegerziType_timesInteger_closure
20646:PArr.o:
20658:Pack.o:
20699:Ptr.o:
20826:                 U integerzmgmp_GHCziIntegerziType_wordToInteger_info
20927:Read.o:
22079:                 U integerzmgmp_GHCziIntegerziType_integerToInt_info
22080:                 U integerzmgmp_GHCziIntegerziType_negateInteger_closure
22081:                 U integerzmgmp_GHCziIntegerziType_negateInteger_info
22813:Real.o:
23696:                 U integerzmgmp_GHCziIntegerziType_Szh_static_info
23697:                 U integerzmgmp_GHCziIntegerziType_absInteger_closure
23698:                 U integerzmgmp_GHCziIntegerziType_absInteger_info
23699:                 U integerzmgmp_GHCziIntegerziType_divInteger_info
23700:                 U integerzmgmp_GHCziIntegerziType_divModInteger_info
23701:                 U integerzmgmp_GHCziIntegerziType_eqInteger_info
23702:                 U integerzmgmp_GHCziIntegerziType_gcdInt_info
23703:                 U integerzmgmp_GHCziIntegerziType_gcdInteger_closure
23704:                 U integerzmgmp_GHCziIntegerziType_gcdInteger_info
23705:                 U integerzmgmp_GHCziIntegerziType_geInteger_info
23706:                 U integerzmgmp_GHCziIntegerziType_gtInteger_info
23707:                 U integerzmgmp_GHCziIntegerziType_integerToInt_info
23708:                 U integerzmgmp_GHCziIntegerziType_leInteger_info
23709:                 U integerzmgmp_GHCziIntegerziType_ltInteger_info
23710:                 U integerzmgmp_GHCziIntegerziType_minusInteger_info
23711:                 U integerzmgmp_GHCziIntegerziType_mkInteger_closure
23712:                 U integerzmgmp_GHCziIntegerziType_mkInteger_info
23713:                 U integerzmgmp_GHCziIntegerziType_modInteger_info
23714:                 U integerzmgmp_GHCziIntegerziType_negateInteger_closure
23715:                 U integerzmgmp_GHCziIntegerziType_negateInteger_info
23716:                 U integerzmgmp_GHCziIntegerziType_plusInteger_info
23717:                 U integerzmgmp_GHCziIntegerziType_quotInteger_info
23718:                 U integerzmgmp_GHCziIntegerziType_quotRemInteger_info
23719:                 U integerzmgmp_GHCziIntegerziType_remInteger_info
23720:                 U integerzmgmp_GHCziIntegerziType_signumInteger_info
23721:                 U integerzmgmp_GHCziIntegerziType_smallInteger_info
23722:                 U integerzmgmp_GHCziIntegerziType_timesInteger_info
23723:                 U integerzmgmp_GHCziIntegerziType_wordToInteger_info
23724:                 U integerzmgmp_GHCziIntegerziType_zdfOrdInteger_closure
24729:ST.o:
24825:Stack.o:
24937:Stats.o:
25854:Show.o:
26565:                 U integerzmgmp_GHCziIntegerziType_Szh_static_info
26566:                 U integerzmgmp_GHCziIntegerziType_gtInteger_info
26567:                 U integerzmgmp_GHCziIntegerziType_integerToInt_info
26568:                 U integerzmgmp_GHCziIntegerziType_ltInteger_info
26569:                 U integerzmgmp_GHCziIntegerziType_mkInteger_closure
26570:                 U integerzmgmp_GHCziIntegerziType_mkInteger_info
26571:                 U integerzmgmp_GHCziIntegerziType_negateInteger_closure
26572:                 U integerzmgmp_GHCziIntegerziType_negateInteger_info
26573:                 U integerzmgmp_GHCziIntegerziType_quotRemInteger_info
26574:                 U integerzmgmp_GHCziIntegerziType_timesInteger_info
26967:Stable.o:
27015:Storable.o:
27243:STRef.o:
27284:TypeLits.o:
27490:                 U integerzmgmp_GHCziIntegerziType_Szh_static_info
27491:                 U integerzmgmp_GHCziIntegerziType_andInteger_info
27492:                 U integerzmgmp_GHCziIntegerziType_eqInteger_info
27493:                 U integerzmgmp_GHCziIntegerziType_minusInteger_info
27494:                 U integerzmgmp_GHCziIntegerziType_neqInteger_info
27495:                 U integerzmgmp_GHCziIntegerziType_shiftRInteger_info
27573:TopHandler.o:
27761:Unicode.o:
27855:Weak.o:
27925:Word.o:
28894:                 U integerzmgmp_GHCziIntegerziType_Szh_static_info
28895:                 U integerzmgmp_GHCziIntegerziType_integerToWord_info
28896:                 U integerzmgmp_GHCziIntegerziType_mkInteger_closure
28897:                 U integerzmgmp_GHCziIntegerziType_mkInteger_info
28898:                 U integerzmgmp_GHCziIntegerziType_smallInteger_info
28899:                 U integerzmgmp_GHCziIntegerziType_timesInteger_info
28900:                 U integerzmgmp_GHCziIntegerziType_wordToInteger_info
29402:Timeout.o:
29495:                 U integerzmgmp_GHCziIntegerziType_eqInteger_closure
29496:                 U integerzmgmp_GHCziIntegerziType_eqInteger_info
29497:                 U integerzmgmp_GHCziIntegerziType_neqInteger_closure
29498:                 U integerzmgmp_GHCziIntegerziType_neqInteger_info
29565:Event.o:
29568:Applicative.o:
30541:Arrow.o:
30982:Category.o:
31006:Concurrent.o:
31283:Chan.o:
31516:MVar.o:
31652:QSem.o:
31751:QSemN.o:
31859:SampleVar.o:
31997:Exception.o:
32046:Base.o:
32549:Monad.o:
32810:Fix.o:
32899:Instances.o:
32902:ST.o:
32914:Safe.o:
32917:Unsafe.o:
32920:Lazy.o:
32929:Safe.o:
32932:Unsafe.o:
32935:Strict.o:
32938:Zip.o:
32993:Bits.o:
33245:                 U integerzmgmp_GHCziIntegerziType_Szh_static_info
33246:                 U integerzmgmp_GHCziIntegerziType_andInteger_closure
33247:                 U integerzmgmp_GHCziIntegerziType_andInteger_info
33248:                 U integerzmgmp_GHCziIntegerziType_complementInteger_closure
33249:                 U integerzmgmp_GHCziIntegerziType_complementInteger_info
33250:                 U integerzmgmp_GHCziIntegerziType_eqInteger_info
33251:                 U integerzmgmp_GHCziIntegerziType_minusInteger_info
33252:                 U integerzmgmp_GHCziIntegerziType_neqInteger_info
33253:                 U integerzmgmp_GHCziIntegerziType_orInteger_closure
33254:                 U integerzmgmp_GHCziIntegerziType_orInteger_info
33255:                 U integerzmgmp_GHCziIntegerziType_shiftLInteger_info
33256:                 U integerzmgmp_GHCziIntegerziType_shiftRInteger_info
33257:                 U integerzmgmp_GHCziIntegerziType_xorInteger_closure
33258:                 U integerzmgmp_GHCziIntegerziType_xorInteger_info
33259:                 U integerzmgmp_GHCziIntegerziType_zdfEqInteger_closure
33410:Bool.o:
33413:Char.o:
34208:Complex.o:
34836:                 U integerzmgmp_GHCziIntegerziType_Szh_static_info
34837:                 U integerzmgmp_GHCziIntegerziType_doubleFromInteger_info
34838:                 U integerzmgmp_GHCziIntegerziType_floatFromInteger_info
35768:Dynamic.o:
35932:Either.o:
36238:Eq.o:
36241:Data.o:
38572:                 U integerzmgmp_GHCziIntegerziType_eqInteger_info
38573:                 U integerzmgmp_GHCziIntegerziType_integerToInt_info
38574:                 U integerzmgmp_GHCziIntegerziType_integerToWord_info
38575:                 U integerzmgmp_GHCziIntegerziType_smallInteger_info
38576:                 U integerzmgmp_GHCziIntegerziType_wordToInteger_info
40459:Fixed.o:
41026:                 U integerzmgmp_GHCziIntegerziType_Szh_static_info
41027:                 U integerzmgmp_GHCziIntegerziType_absInteger_closure
41028:                 U integerzmgmp_GHCziIntegerziType_absInteger_info
41029:                 U integerzmgmp_GHCziIntegerziType_compareInteger_closure
41030:                 U integerzmgmp_GHCziIntegerziType_compareInteger_info
41031:                 U integerzmgmp_GHCziIntegerziType_divInteger_info
41032:                 U integerzmgmp_GHCziIntegerziType_divModInteger_info
41033:                 U integerzmgmp_GHCziIntegerziType_doubleFromInteger_info
41034:                 U integerzmgmp_GHCziIntegerziType_eqInteger_closure
41035:                 U integerzmgmp_GHCziIntegerziType_eqInteger_info
41036:                 U integerzmgmp_GHCziIntegerziType_geInteger_closure
41037:                 U integerzmgmp_GHCziIntegerziType_geInteger_info
41038:                 U integerzmgmp_GHCziIntegerziType_gtInteger_closure
41039:                 U integerzmgmp_GHCziIntegerziType_gtInteger_info
41040:                 U integerzmgmp_GHCziIntegerziType_leInteger_closure
41041:                 U integerzmgmp_GHCziIntegerziType_leInteger_info
41042:                 U integerzmgmp_GHCziIntegerziType_ltInteger_closure
41043:                 U integerzmgmp_GHCziIntegerziType_ltInteger_info
41044:                 U integerzmgmp_GHCziIntegerziType_minusInteger_closure
41045:                 U integerzmgmp_GHCziIntegerziType_minusInteger_info
41046:                 U integerzmgmp_GHCziIntegerziType_modInteger_info
41047:                 U integerzmgmp_GHCziIntegerziType_negateInteger_closure
41048:                 U integerzmgmp_GHCziIntegerziType_negateInteger_info
41049:                 U integerzmgmp_GHCziIntegerziType_neqInteger_closure
41050:                 U integerzmgmp_GHCziIntegerziType_neqInteger_info
41051:                 U integerzmgmp_GHCziIntegerziType_plusInteger_closure
41052:                 U integerzmgmp_GHCziIntegerziType_plusInteger_info
41053:                 U integerzmgmp_GHCziIntegerziType_signumInteger_info
41054:                 U integerzmgmp_GHCziIntegerziType_timesInteger_info
41055:                 U integerzmgmp_GHCziIntegerziType_zdfOrdIntegerzuzdcmax_closure
41056:                 U integerzmgmp_GHCziIntegerziType_zdfOrdIntegerzuzdcmax_info
41057:                 U integerzmgmp_GHCziIntegerziType_zdfOrdIntegerzuzdcmin_closure
41058:                 U integerzmgmp_GHCziIntegerziType_zdfOrdIntegerzuzdcmin_info
41338:Foldable.o:
41752:Function.o:
41762:Functor.o:
41768:HashTable.o:
41984:                 U integerzmgmp_GHCziIntegerziType_eqInteger_info
42187:IORef.o:
42243:Int.o:
42246:Ix.o:
42249:List.o:
42556:                 U integerzmgmp_GHCziIntegerziType_Szh_static_info
42557:                 U integerzmgmp_GHCziIntegerziType_plusInteger_info
42558:                 U integerzmgmp_GHCziIntegerziType_timesInteger_info
42930:Maybe.o:
43088:Monoid.o:
43979:                 U integerzmgmp_GHCziIntegerziType_Szh_static_info
44617:Ord.o:
44672:Ratio.o:
44688:                 U integerzmgmp_GHCziIntegerziType_Szh_static_info
44689:                 U integerzmgmp_GHCziIntegerziType_eqInteger_info
44690:                 U integerzmgmp_GHCziIntegerziType_negateInteger_closure
44691:                 U integerzmgmp_GHCziIntegerziType_negateInteger_info
44692:                 U integerzmgmp_GHCziIntegerziType_neqInteger_info
44693:                 U integerzmgmp_GHCziIntegerziType_plusInteger_info
44694:                 U integerzmgmp_GHCziIntegerziType_quotRemInteger_info
44695:                 U integerzmgmp_GHCziIntegerziType_timesInteger_info
44746:STRef.o:
44764:Lazy.o:
44814:Strict.o:
44817:String.o:
44830:Traversable.o:
45214:Tuple.o:
45236:Typeable.o:
45340:Internal.o:
46358:Unique.o:
46422:                 U integerzmgmp_GHCziIntegerziType_Szh_static_info
46423:                 U integerzmgmp_GHCziIntegerziType_compareInteger_closure
46424:                 U integerzmgmp_GHCziIntegerziType_compareInteger_info
46425:                 U integerzmgmp_GHCziIntegerziType_eqInteger_closure
46426:                 U integerzmgmp_GHCziIntegerziType_eqInteger_info
46427:                 U integerzmgmp_GHCziIntegerziType_geInteger_closure
46428:                 U integerzmgmp_GHCziIntegerziType_geInteger_info
46429:                 U integerzmgmp_GHCziIntegerziType_gtInteger_closure
46430:                 U integerzmgmp_GHCziIntegerziType_gtInteger_info
46431:                 U integerzmgmp_GHCziIntegerziType_integerToInt_info
46432:                 U integerzmgmp_GHCziIntegerziType_leInteger_closure
46433:                 U integerzmgmp_GHCziIntegerziType_leInteger_info
46434:                 U integerzmgmp_GHCziIntegerziType_ltInteger_closure
46435:                 U integerzmgmp_GHCziIntegerziType_ltInteger_info
46436:                 U integerzmgmp_GHCziIntegerziType_neqInteger_closure
46437:                 U integerzmgmp_GHCziIntegerziType_neqInteger_info
46438:                 U integerzmgmp_GHCziIntegerziType_plusInteger_info
46439:                 U integerzmgmp_GHCziIntegerziType_zdfOrdIntegerzuzdcmax_closure
46440:                 U integerzmgmp_GHCziIntegerziType_zdfOrdIntegerzuzdcmax_info
46441:                 U integerzmgmp_GHCziIntegerziType_zdfOrdIntegerzuzdcmin_closure
46442:                 U integerzmgmp_GHCziIntegerziType_zdfOrdIntegerzuzdcmin_info
46464:Version.o:
46839:Word.o:
46842:Trace.o:
46927:Foreign.o:
46933:C.o:
46936:Error.o:
47403:                 U integerzmgmp_GHCziIntegerziType_Szh_static_info
47497:String.o:
47849:Types.o:
53891:ForeignPtr.o:
53897:Safe.o:
53900:Unsafe.o:
53903:Marshal.o:
53909:Alloc.o:
54027:Array.o:
54267:Error.o:
54310:                 U integerzmgmp_GHCziIntegerziType_Szh_static_info
54337:Pool.o:
54590:Safe.o:
54593:Utils.o:
54659:                 U integerzmgmp_GHCziIntegerziType_Szh_static_info
54703:Unsafe.o:
54709:Ptr.o:
55401:Safe.o:
55404:StablePtr.o:
55407:Storable.o:
56166:Numeric.o:
56305:                 U integerzmgmp_GHCziIntegerziType_Szh_static_info
56306:                 U integerzmgmp_GHCziIntegerziType_integerToInt_info
56427:Prelude.o:
56435:GetOpt.o:
56824:CPUTime.o:
56866:                 U integerzmgmp_GHCziIntegerziType_Szh_static_info
56867:                 U integerzmgmp_GHCziIntegerziType_absInteger_closure
56868:                 U integerzmgmp_GHCziIntegerziType_absInteger_info
56869:                 U integerzmgmp_GHCziIntegerziType_decodeDoubleInteger_info
56870:                 U integerzmgmp_GHCziIntegerziType_integerToInt_info
56871:                 U integerzmgmp_GHCziIntegerziType_plusInteger_info
56872:                 U integerzmgmp_GHCziIntegerziType_shiftLInteger_info
56873:                 U integerzmgmp_GHCziIntegerziType_signumInteger_info
56874:                 U integerzmgmp_GHCziIntegerziType_smallInteger_info
56875:                 U integerzmgmp_GHCziIntegerziType_timesInteger_info
56914:Environment.o:
57130:Exit.o:
57189:IO.o:
57579:Error.o:
57753:Unsafe.o:
57780:Info.o:
57814:Mem.o:
57826:StableName.o:
57882:Weak.o:
57908:Internals.o:
58401:                 U integerzmgmp_GHCziIntegerziType_Szh_static_info
58402:                 U integerzmgmp_GHCziIntegerziType_smallInteger_info
58842:Types.o:
62017:ReadP.o:
62502:ReadPrec.o:
62640:Printf.o:
62886:                 U integerzmgmp_GHCziIntegerziType_Szh_static_info
62887:                 U integerzmgmp_GHCziIntegerziType_eqInteger_info
62888:                 U integerzmgmp_GHCziIntegerziType_integerToInt_info
62889:                 U integerzmgmp_GHCziIntegerziType_ltInteger_info
62890:                 U integerzmgmp_GHCziIntegerziType_negateInteger_closure
62891:                 U integerzmgmp_GHCziIntegerziType_negateInteger_info
62892:                 U integerzmgmp_GHCziIntegerziType_plusInteger_info
62893:                 U integerzmgmp_GHCziIntegerziType_quotRemInteger_info
62894:                 U integerzmgmp_GHCziIntegerziType_smallInteger_info
62895:                 U integerzmgmp_GHCziIntegerziType_timesInteger_info
63189:Read.o:
63264:Lex.o:
63603:                 U integerzmgmp_GHCziIntegerziType_Szh_static_info
63604:                 U integerzmgmp_GHCziIntegerziType_absInteger_closure
63605:                 U integerzmgmp_GHCziIntegerziType_absInteger_info
63606:                 U integerzmgmp_GHCziIntegerziType_eqInteger_info
63607:                 U integerzmgmp_GHCziIntegerziType_geInteger_info
63608:                 U integerzmgmp_GHCziIntegerziType_gtInteger_info
63609:                 U integerzmgmp_GHCziIntegerziType_integerToInt_info
63610:                 U integerzmgmp_GHCziIntegerziType_leInteger_info
63611:                 U integerzmgmp_GHCziIntegerziType_ltInteger_info
63612:                 U integerzmgmp_GHCziIntegerziType_minusInteger_info
63613:                 U integerzmgmp_GHCziIntegerziType_negateInteger_closure
63614:                 U integerzmgmp_GHCziIntegerziType_negateInteger_info
63615:                 U integerzmgmp_GHCziIntegerziType_plusInteger_info
63616:                 U integerzmgmp_GHCziIntegerziType_signumInteger_info
63617:                 U integerzmgmp_GHCziIntegerziType_smallInteger_info
63618:                 U integerzmgmp_GHCziIntegerziType_timesInteger_info
64473:Show.o:
64479:Functions.o:
64508:Coerce.o:
64516:Array.o:
64897:Clock.o:
64976:                 U integerzmgmp_GHCziIntegerziType_smallInteger_info
64977:                 U integerzmgmp_GHCziIntegerziType_timesInteger_info
65013:Control.o:
65243:                 U integerzmgmp_GHCziIntegerziType_integerToInt_info
65244:                 U integerzmgmp_GHCziIntegerziType_wordToInteger_info
65365:EPoll.o:
65826:IntMap.o:
66039:Internal.o:
66185:                 U integerzmgmp_GHCziIntegerziType_Szh_static_info
66244:KQueue.o:
66261:Manager.o:
67131:PSQ.o:
67995:Poll.o:
68477:Thread.o:
68785:Unique.o:
68904:Imp.o:
68907:Imp.o:
69015:Imp.o:
69110:ExecutablePath.o:
69161:PrelIOUtils.o:
69224:WCsubst.o:
69412:Win32Utils.o:
69414:DarwinUtils.o:
69416:consUtils.o:
69418:iconv.o:
69426:inputReady.o:
69431:primFloat.o:
69445:md5.o:
