      0	      0	      0	      0	      0	Bool.o (ex libHSbase-4.6.0.0.a)
      0	      0	      0	      0	      0	IntWord64.o (ex libHSghc-prim-0.3.0.0.a)
      0	      0	      0	      0	      0	Integer.o (ex libHSinteger-gmp-0.5.0.0.a)
      0	      0	      0	      0	      0	Word.o (ex libHSbase-4.6.0.0.a)
      0	      0	      0	      0	      0	longlong.o (ex libHSghc-prim-0.3.0.0.a)
     32	      8	      0	     40	     28	Magic.o (ex libHSghc-prim-0.3.0.0.a)
     98	      8	      0	    106	     6a	Prelude.o (ex libHSbase-4.6.0.0.a)
    106	      0	      0	    106	     6a	debug.o (ex libHSghc-prim-0.3.0.0.a)
      0	    122	      0	    122	     7a	rts/ClosureFlags.o
    135	      0	      0	    135	     87	rts/StgCRun.o
    157	      0	      0	    157	     9d	rts/HsFFI.o
    181	     32	      0	    213	     d5	TopHandler.o (ex libHSbase-4.6.0.0.a)
    275	      0	      0	    275	    113	rts/Sweep.o
    317	     16	      0	    333	    14d	Mem.o (ex libHSbase-4.6.0.0.a)
    342	      0	      0	    342	    156	rts/RtsStartupSlim.o
    525	      0	      0	    525	    20d	rts/Updates.o
    552	      0	      0	    552	    228	rts/GCAux.o
    523	      0	     48	    571	    23b	rts/Globals.o
    599	      0	      0	    599	    257	rts/Adjustor.o
    514	    104	      0	    618	    26a	Char.o (ex libHSbase-4.6.0.0.a)
    600	     96	      0	    696	    2b8	IORef.o (ex libHSbase-4.6.0.0.a)
    695	      0	      8	    703	    2bf	rts/OSMem.o
    669	     48	      0	    717	    2cd	Weak.o (ex libHSbase-4.6.0.0.a)
    724	      0	      8	    732	    2dc	rts/Weak.o
    733	      0	      0	    733	    2dd	rts/WSDeque.o
    777	      0	      0	    777	    309	popcnt.o (ex libHSghc-prim-0.3.0.0.a)
    669	    224	      0	    893	    37d	Typeable.o (ex libHSbase-4.6.0.0.a)
    869	     48	      0	    917	    395	Debug.o (ex libHSghc-prim-0.3.0.0.a)
    936	      0	      0	    936	    3a8	rts/GCUtils.o
    932	     40	      0	    972	    3cc	List.o (ex libHSbase-4.6.0.0.a)
   text	   data	    bss	    dec	    hex	filename
   1036	      0	     28	   1064	    428	rts/MarkWeak.o
    805	    264	      0	   1069	    42d	Fib.o
   1035	    104	      0	   1139	    473	STRef.o (ex libHSbase-4.6.0.0.a)
   1146	      0	      0	   1146	    47a	rts/Messages.o
   1190	      0	      0	   1190	    4a6	rts/StgStartup.o
   1252	      0	     36	   1288	    508	rts/Task.o
   1254	     56	      0	   1310	    51e	Pack.o (ex libHSbase-4.6.0.0.a)
   1344	    120	      0	   1464	    5b8	Stable.o (ex libHSbase-4.6.0.0.a)
   1429	    104	      0	   1533	    5fd	Exception.o (ex libHSbase-4.6.0.0.a)
   1242	    304	      0	   1546	    60a	Err.o (ex libHSbase-4.6.0.0.a)
   1581	      0	     12	   1593	    639	CMain.o
   1213	      0	    448	   1661	    67d	rts/Capability.o
   1709	     96	      0	   1805	    70d	IORef.o (ex libHSbase-4.6.0.0.a)
   1692	    144	      0	   1836	    72c	Types.o (ex libHSghc-prim-0.3.0.0.a)
   1582	    280	      0	   1862	    746	Trace.o (ex libHSbase-4.6.0.0.a)
   1604	    344	      0	   1948	    79c	StableName.o (ex libHSbase-4.6.0.0.a)
   1929	      0	     32	   1961	    7a9	rts/Stable.o
   1728	    248	      0	   1976	    7b8	ST.o (ex libHSbase-4.6.0.0.a)
   2269	      0	      0	   2269	    8dd	rts/Hash.o
   1945	    344	      0	   2289	    8f1	Weak.o (ex libHSbase-4.6.0.0.a)
   2395	     40	      0	   2435	    983	CString.o (ex libHSghc-prim-0.3.0.0.a)
   2531	      0	      0	   2531	    9e3	rts/Apply.o
   2560	    112	      0	   2672	    a70	Fingerprint.o (ex libHSbase-4.6.0.0.a)
   2429	    248	      0	   2677	    a75	Types.o (ex libHSbase-4.6.0.0.a)
   2677	      8	      0	   2685	    a7d	rts/Exception.o
   2628	    208	      0	   2836	    b14	Type.o (ex libHSbase-4.6.0.0.a)
   2903	      0	      0	   2903	    b57	md5.o (ex libHSbase-4.6.0.0.a)
   2996	      0	      8	   3004	    bbc	rts/RtsUtils.o
   2924	    216	      0	   3140	    c44	Unicode.o (ex libHSbase-4.6.0.0.a)
   3251	      4	      0	   3255	    cb7	rts/Threads.o
   3225	      0	    120	   3345	    d11	rts/BlockAlloc.o
   3277	     72	      0	   3349	    d15	Foreign.o (ex libHSbase-4.6.0.0.a)
   3540	      0	      0	   3540	    dd4	rts/RtsAPI.o
   3969	      0	      0	   3969	    f81	rts/RaiseAsync.o
   4046	      0	      0	   4046	    fce	rts/Inlines.o
   3389	    704	      0	   4093	    ffd	Alloc.o (ex libHSbase-4.6.0.0.a)
   3965	    184	      0	   4149	   1035	Monad.o (ex libHSbase-4.6.0.0.a)
   3857	    536	      0	   4393	   1129	Num.o (ex libHSbase-4.6.0.0.a)
   4073	    360	      0	   4433	   1151	Numeric.o (ex libHSbase-4.6.0.0.a)
   4522	    128	      0	   4650	   122a	Tuple.o (ex libHSghc-prim-0.3.0.0.a)
   4597	    656	      0	   5253	   1485	Failure.o (ex libHSbase-4.6.0.0.a)
   4561	    872	     60	   5493	   1575	rts/RtsFlags.o
   5678	      0	      0	   5678	   162e	rts/HeapStackCheck.o
   5707	      0	      8	   5715	   1653	rts/STM.o
   5479	    864	      0	   6343	   18c7	Encoding.o (ex libHSbase-4.6.0.0.a)
   6356	      0	     64	   6420	   1914	rts/Storage.o
   6426	      0	    192	   6618	   19da	rts/Schedule.o
   6291	    704	      0	   6995	   1b53	Latin1.o (ex libHSbase-4.6.0.0.a)
   6956	    408	      0	   7364	   1cc4	Maybe.o (ex libHSbase-4.6.0.0.a)
   6986	    392	      0	   7378	   1cd2	Ptr.o (ex libHSbase-4.6.0.0.a)
   6829	    768	      0	   7597	   1dad	ForeignPtr.o (ex libHSbase-4.6.0.0.a)
   7261	    448	      0	   7709	   1e1d	Storable.o (ex libHSbase-4.6.0.0.a)
   7369	    584	      0	   7953	   1f11	IO.o (ex libHSbase-4.6.0.0.a)
   9015	      0	      0	   9015	   2337	rts/Evac.o
   8478	    616	      0	   9094	   2386	Either.o (ex libHSbase-4.6.0.0.a)
   8349	    752	      0	   9101	   238d	Array.o (ex libHSbase-4.6.0.0.a)
   8982	    936	      0	   9918	   26be	Base.o (ex libHSbase-4.6.0.0.a)
  10211	      0	      0	  10211	   27e3	rts/PrimOps.o
   6322	   4680	      0	  11002	   2afa	rts/StgMiscClosures.o
   9937	   1296	      0	  11233	   2be1	Char.o (ex libHSbase-4.6.0.0.a)
  10562	    832	      0	  11394	   2c82	List.o (ex libHSbase-4.6.0.0.a)
  10688	    840	      0	  11528	   2d08	Buffer.o (ex libHSbase-4.6.0.0.a)
  12898	      0	      0	  12898	   3262	rts/Scav.o
  12958	    856	      0	  13814	   35f6	Type.o (ex libHSinteger-gmp-0.5.0.0.a)
   5723	      8	   8472	  14203	   377b	rts/GC.o
   9792	   5456	      0	  15248	   3b90	Types.o (ex libHSbase-4.6.0.0.a)
  15359	   2016	      0	  17375	   43df	Exception.o (ex libHSbase-4.6.0.0.a)
   1471	      0	  16424	  17895	   45e7	rts/MBlock.o
  18319	      0	      0	  18319	   478f	rts/Compact.o
  17516	   1848	      0	  19364	   4ba4	Bits.o (ex libHSbase-4.6.0.0.a)
  16967	   2672	      0	  19639	   4cb7	PrimopWrappers.o (ex libHSghc-prim-0.3.0.0.a)
  21082	      0	      0	  21082	   525a	rts/StgStdThunks.o
  17683	   3520	      0	  21203	   52d3	Base.o (ex libHSbase-4.6.0.0.a)
  19539	   2544	      0	  22083	   5643	Real.o (ex libHSbase-4.6.0.0.a)
  24991	   3680	      0	  28671	   6fff	Storable.o (ex libHSbase-4.6.0.0.a)
  31608	    416	      0	  32024	   7d18	rts/AutoApply.o
  30875	   5400	      0	  36275	   8db3	Show.o (ex libHSbase-4.6.0.0.a)
  35590	   6584	      0	  42174	   a4be	Exception.o (ex libHSbase-4.6.0.0.a)
  39075	   4456	      0	  43531	   aa0b	Enum.o (ex libHSbase-4.6.0.0.a)
  36384	   8928	      0	  45312	   b100	Internal.o (ex libHSbase-4.6.0.0.a)
  49849	   7872	      0	  57721	   e179	Word.o (ex libHSbase-4.6.0.0.a)
  55472	   7952	      0	  63424	   f7c0	Int.o (ex libHSbase-4.6.0.0.a)
  64913	   2160	      0	  67073	  10601	Classes.o (ex libHSghc-prim-0.3.0.0.a)
