      0	      0	      0	      0	      0	Bool.o (ex libHSbase-4.6.0.0.a)
      0	      0	      0	      0	      0	IntWord64.o (ex libHSghc-prim-0.3.0.0.a)
      0	      0	      0	      0	      0	longlong.o (ex libHSghc-prim-0.3.0.0.a)
     32	      8	      0	     40	     28	Magic.o (ex libHSghc-prim-0.3.0.0.a)
     32	      8	      0	     40	     28	TopHandler.o (ex libHSbase-4.6.0.0.a)
     98	      8	      0	    106	     6a	Prelude.o (ex libHSbase-4.6.0.0.a)
    106	      0	      0	    106	     6a	debug.o (ex libHSghc-prim-0.3.0.0.a)
      0	    122	      0	    122	     7a	rts/ClosureFlags.o
    135	      0	      0	    135	     87	rts/StgCRun.o
    157	      0	      0	    157	     9d	rts/HsFFI.o
    235	      0	      0	    235	     eb	rts/RtsStartupSlim.o
    275	      0	      0	    275	    113	rts/Sweep.o
    317	     16	      0	    333	    14d	Mem.o (ex libHSbase-4.6.0.0.a)
    525	      0	      0	    525	    20d	rts/Updates.o
    552	      0	      0	    552	    228	rts/GCAux.o
    523	      0	     48	    571	    23b	rts/Globals.o
    525	     48	      0	    573	    23d	Weak.o (ex libHSbase-4.6.0.0.a)
    599	      0	      0	    599	    257	rts/Adjustor.o
    514	    104	      0	    618	    26a	Char.o (ex libHSbase-4.6.0.0.a)
    695	      0	      8	    703	    2bf	rts/OSMem.o
    724	      0	      8	    732	    2dc	rts/Weak.o
    733	      0	      0	    733	    2dd	rts/WSDeque.o
    777	      0	      0	    777	    309	popcnt.o (ex libHSghc-prim-0.3.0.0.a)
    869	     48	      0	    917	    395	Debug.o (ex libHSghc-prim-0.3.0.0.a)
    936	      0	      0	    936	    3a8	rts/GCUtils.o
    932	     40	      0	    972	    3cc	List.o (ex libHSbase-4.6.0.0.a)
   text	   data	    bss	    dec	    hex	filename
    932	     80	      0	   1012	    3f4	StableName.o (ex libHSbase-4.6.0.0.a)
   1036	      0	     28	   1064	    428	rts/MarkWeak.o
    809	    264	      0	   1073	    431	Fib.o
   1041	     80	      0	   1121	    461	Weak.o (ex libHSbase-4.6.0.0.a)
   1035	    104	      0	   1139	    473	STRef.o (ex libHSbase-4.6.0.0.a)
   1146	      0	      0	   1146	    47a	rts/Messages.o
   1190	      0	      0	   1190	    4a6	rts/StgStartup.o
   1109	     96	      0	   1205	    4b5	Exception.o (ex libHSbase-4.6.0.0.a)
   1252	      0	     36	   1288	    508	rts/Task.o
   1344	    120	      0	   1464	    5b8	Stable.o (ex libHSbase-4.6.0.0.a)
   1242	    304	      0	   1546	    60a	Err.o (ex libHSbase-4.6.0.0.a)
   1213	      0	    448	   1661	    67d	rts/Capability.o
   1692	    144	      0	   1836	    72c	Types.o (ex libHSghc-prim-0.3.0.0.a)
   1869	      0	     12	   1881	    759	CMain.o
   1929	      0	     32	   1961	    7a9	rts/Stable.o
   1728	    248	      0	   1976	    7b8	ST.o (ex libHSbase-4.6.0.0.a)
   2269	      0	      0	   2269	    8dd	rts/Hash.o
   2097	    184	      0	   2281	    8e9	Num.o (ex libHSbase-4.6.0.0.a)
   2395	     40	      0	   2435	    983	CString.o (ex libHSghc-prim-0.3.0.0.a)
   2531	      0	      0	   2531	    9e3	rts/Apply.o
   2677	      8	      0	   2685	    a7d	rts/Exception.o
   2903	      0	      0	   2903	    b57	md5.o (ex libHSbase-4.6.0.0.a)
   2996	      0	      8	   3004	    bbc	rts/RtsUtils.o
   2924	    216	      0	   3140	    c44	Unicode.o (ex libHSbase-4.6.0.0.a)
   3251	      4	      0	   3255	    cb7	rts/Threads.o
   3225	      0	    120	   3345	    d11	rts/BlockAlloc.o
   3540	      0	      0	   3540	    dd4	rts/RtsAPI.o
   3969	      0	      0	   3969	    f81	rts/RaiseAsync.o
   4046	      0	      0	   4046	    fce	rts/Inlines.o
   3965	    184	      0	   4149	   1035	Monad.o (ex libHSbase-4.6.0.0.a)
   4522	    128	      0	   4650	   122a	Tuple.o (ex libHSghc-prim-0.3.0.0.a)
   3117	   1704	      0	   4821	   12d5	Types.o (ex libHSbase-4.6.0.0.a)
   4561	    872	     60	   5493	   1575	rts/RtsFlags.o
   5678	      0	      0	   5678	   162e	rts/HeapStackCheck.o
   5707	      0	      8	   5715	   1653	rts/STM.o
   6356	      0	     64	   6420	   1914	rts/Storage.o
   6153	    464	      0	   6617	   19d9	IO.o (ex libHSbase-4.6.0.0.a)
   6586	      0	    192	   6778	   1a7a	rts/Schedule.o
   6956	    408	      0	   7364	   1cc4	Maybe.o (ex libHSbase-4.6.0.0.a)
   6986	    392	      0	   7378	   1cd2	Ptr.o (ex libHSbase-4.6.0.0.a)
   7822	    352	      0	   8174	   1fee	Either.o (ex libHSbase-4.6.0.0.a)
   9015	      0	      0	   9015	   2337	rts/Evac.o
   9199	    496	      0	   9695	   25df	Exception.o (ex libHSbase-4.6.0.0.a)
   8982	    936	      0	   9918	   26be	Base.o (ex libHSbase-4.6.0.0.a)
  10187	      0	      0	  10187	   27cb	rts/PrimOps.o
   9699	   1144	      0	  10843	   2a5b	Base.o (ex libHSbase-4.6.0.0.a)
   6322	   4680	      0	  11002	   2afa	rts/StgMiscClosures.o
  10562	    832	      0	  11394	   2c82	List.o (ex libHSbase-4.6.0.0.a)
  12898	      0	      0	  12898	   3262	rts/Scav.o
   5723	      8	   8472	  14203	   377b	rts/GC.o
   1471	      0	  16424	  17895	   45e7	rts/MBlock.o
  18319	      0	      0	  18319	   478f	rts/Compact.o
  16967	   2672	      0	  19639	   4cb7	PrimopWrappers.o (ex libHSghc-prim-0.3.0.0.a)
  21082	      0	      0	  21082	   525a	rts/StgStdThunks.o
  19966	   2168	      0	  22134	   5676	Exception.o (ex libHSbase-4.6.0.0.a)
  31608	    416	      0	  32024	   7d18	rts/AutoApply.o
  35827	   4128	      0	  39955	   9c13	Enum.o (ex libHSbase-4.6.0.0.a)
  64913	   2160	      0	  67073	  10601	Classes.o (ex libHSghc-prim-0.3.0.0.a)
