      0	      0	      0	      0	      0	Bool.o (ex libHSbase-4.6.0.0.a)
      0	      0	      0	      0	      0	IntWord64.o (ex libHSghc-prim-0.3.0.0.a)
      0	      0	      0	      0	      0	longlong.o (ex libHSghc-prim-0.3.0.0.a)
     32	      8	      0	     40	     28	Magic.o (ex libHSghc-prim-0.3.0.0.a)
     32	      8	      0	     40	     28	TopHandler.o (ex libHSbase-4.6.0.0.a)
     98	      8	      0	    106	     6a	Prelude.o (ex libHSbase-4.6.0.0.a)
    106	      0	      0	    106	     6a	debug.o (ex libHSghc-prim-0.3.0.0.a)
     94	     24	      0	    118	     76	Err.o (ex libHSbase-4.6.0.0.a)
      0	    122	      0	    122	     7a	rts/ClosureFlags.o
    135	      0	      0	    135	     87	rts/StgCRun.o
    157	      0	      0	    157	     9d	rts/HsFFI.o
    235	      0	      0	    235	     eb	rts/RtsStartupSlim.o
    275	      0	      0	    275	    113	rts/Sweep.o
    317	     16	      0	    333	    14d	Mem.o (ex libHSbase-4.6.0.0.a)
    525	      0	      0	    525	    20d	rts/Updates.o
    552	      0	      0	    552	    228	rts/GCAux.o
    523	      0	     48	    571	    23b	rts/Globals.o
    525	     48	      0	    573	    23d	Weak.o (ex libHSbase-4.6.0.0.a)
    599	      0	      0	    599	    257	rts/Adjustor.o
    514	    104	      0	    618	    26a	Char.o (ex libHSbase-4.6.0.0.a)
    538	    136	      0	    674	    2a2	Exception.o (ex libHSbase-4.6.0.0.a)
    695	      0	      8	    703	    2bf	rts/OSMem.o
    724	      0	      8	    732	    2dc	rts/Weak.o
    733	      0	      0	    733	    2dd	rts/WSDeque.o
    777	      0	      0	    777	    309	popcnt.o (ex libHSghc-prim-0.3.0.0.a)
    869	     48	      0	    917	    395	Debug.o (ex libHSghc-prim-0.3.0.0.a)
    936	      0	      0	    936	    3a8	rts/GCUtils.o
   text	   data	    bss	    dec	    hex	filename
    932	     80	      0	   1012	    3f4	StableName.o (ex libHSbase-4.6.0.0.a)
    957	     88	      0	   1045	    415	Exception.o (ex libHSbase-4.6.0.0.a)
   1036	      0	     28	   1064	    428	rts/MarkWeak.o
    809	    264	      0	   1073	    431	Fib.o
   1041	     80	      0	   1121	    461	Weak.o (ex libHSbase-4.6.0.0.a)
   1035	    104	      0	   1139	    473	STRef.o (ex libHSbase-4.6.0.0.a)
   1040	    104	      0	   1144	    478	Stable.o (ex libHSbase-4.6.0.0.a)
   1146	      0	      0	   1146	    47a	rts/Messages.o
   1190	      0	      0	   1190	    4a6	rts/StgStartup.o
   1119	    152	      0	   1271	    4f7	Exception.o (ex libHSbase-4.6.0.0.a)
   1252	      0	     36	   1288	    508	rts/Task.o
   1213	      0	    448	   1661	    67d	rts/Capability.o
   1692	    144	      0	   1836	    72c	Types.o (ex libHSghc-prim-0.3.0.0.a)
   1941	      0	     12	   1953	    7a1	CMain.o
   1929	      0	     32	   1961	    7a9	rts/Stable.o
   1736	    232	      0	   1968	    7b0	ST.o (ex libHSbase-4.6.0.0.a)
   2025	    176	      0	   2201	    899	Num.o (ex libHSbase-4.6.0.0.a)
   2269	      0	      0	   2269	    8dd	rts/Hash.o
   2395	     40	      0	   2435	    983	CString.o (ex libHSghc-prim-0.3.0.0.a)
   2531	      0	      0	   2531	    9e3	rts/Apply.o
   2677	      8	      0	   2685	    a7d	rts/Exception.o
   2903	      0	      0	   2903	    b57	md5.o (ex libHSbase-4.6.0.0.a)
   2996	      0	      8	   3004	    bbc	rts/RtsUtils.o
   2924	    216	      0	   3140	    c44	Unicode.o (ex libHSbase-4.6.0.0.a)
   3251	      4	      0	   3255	    cb7	rts/Threads.o
   3225	      0	    120	   3345	    d11	rts/BlockAlloc.o
   3540	      0	      0	   3540	    dd4	rts/RtsAPI.o
   3148	    416	      0	   3564	    dec	Base.o (ex libHSbase-4.6.0.0.a)
   3969	      0	      0	   3969	    f81	rts/RaiseAsync.o
   3845	    128	      0	   3973	    f85	Monad.o (ex libHSbase-4.6.0.0.a)
   4046	      0	      0	   4046	    fce	rts/Inlines.o
   4522	    128	      0	   4650	   122a	Tuple.o (ex libHSghc-prim-0.3.0.0.a)
   3117	   1704	      0	   4821	   12d5	Types.o (ex libHSbase-4.6.0.0.a)
   4561	    872	     60	   5493	   1575	rts/RtsFlags.o
   5678	      0	      0	   5678	   162e	rts/HeapStackCheck.o
   5707	      0	      8	   5715	   1653	rts/STM.o
   5666	    400	      0	   6066	   17b2	List.o (ex libHSbase-4.6.0.0.a)
   5841	    408	      0	   6249	   1869	IO.o (ex libHSbase-4.6.0.0.a)
   6356	      0	     64	   6420	   1914	rts/Storage.o
   6730	      0	    192	   6922	   1b0a	rts/Schedule.o
   6916	    400	      0	   7316	   1c94	Maybe.o (ex libHSbase-4.6.0.0.a)
   7742	    344	      0	   8086	   1f96	Either.o (ex libHSbase-4.6.0.0.a)
   9015	      0	      0	   9015	   2337	rts/Evac.o
  10187	      0	      0	  10187	   27cb	rts/PrimOps.o
   6322	   4680	      0	  11002	   2afa	rts/StgMiscClosures.o
  10075	   1544	      0	  11619	   2d63	Base.o (ex libHSbase-4.6.0.0.a)
  12898	      0	      0	  12898	   3262	rts/Scav.o
   5723	      8	   8472	  14203	   377b	rts/GC.o
   1471	      0	  16424	  17895	   45e7	rts/MBlock.o
  18319	      0	      0	  18319	   478f	rts/Compact.o
  16967	   2672	      0	  19639	   4cb7	PrimopWrappers.o (ex libHSghc-prim-0.3.0.0.a)
  21082	      0	      0	  21082	   525a	rts/StgStdThunks.o
  31608	    416	      0	  32024	   7d18	rts/AutoApply.o
  35827	   4128	      0	  39955	   9c13	Enum.o (ex libHSbase-4.6.0.0.a)
  64913	   2160	      0	  67073	  10601	Classes.o (ex libHSghc-prim-0.3.0.0.a)
